<?xml version="1.0" encoding="UTF-8"?>
<testng-results skipped="0" failed="0" ignored="0" total="1" passed="1">
  <reporter-output>
  </reporter-output>
  <suite name="Default suite" duration-ms="11441" started-at="2022-03-12T18:40:09Z" finished-at="2022-03-12T18:40:20Z">
    <groups>
    </groups>
    <test name="Default test" duration-ms="11441" started-at="2022-03-12T18:40:09Z" finished-at="2022-03-12T18:40:20Z">
      <class name="variousConcepts.CrmTest">
        <test-method status="PASS" signature="readConfig()[pri:0, instance:variousConcepts.CrmTest@6f7fd0e6]" name="readConfig" is-config="true" duration-ms="32" started-at="2022-03-12T18:40:09Z" finished-at="2022-03-12T18:40:09Z">
          <reporter-output>
          </reporter-output>
        </test-method> <!-- readConfig -->
        <test-method status="PASS" signature="init()[pri:0, instance:variousConcepts.CrmTest@6f7fd0e6]" name="init" is-config="true" duration-ms="5526" started-at="2022-03-12T18:40:09Z" finished-at="2022-03-12T18:40:14Z">
          <reporter-output>
          </reporter-output>
        </test-method> <!-- init -->
        <test-method status="PASS" signature="addCustomerTest()[pri:2, instance:variousConcepts.CrmTest@6f7fd0e6]" name="addCustomerTest" duration-ms="5820" started-at="2022-03-12T18:40:14Z" finished-at="2022-03-12T18:40:20Z">
          <reporter-output>
          </reporter-output>
        </test-method> <!-- addCustomerTest -->
      </class> <!-- variousConcepts.CrmTest -->
    </test> <!-- Default test -->
  </suite> <!-- Default suite -->
</testng-results>
